<?xml version="1.0" encoding="UTF-8"?>
<!-- Generated by org.testng.reporters.JUnitReportReporter -->
<testsuite skipped="0" hostname="Ahmed-lap" name="org.example.testRunner.runners" tests="15" failures="0" timestamp="2022-12-07T15:24:05 EET" time="601.159" errors="0">
  <testcase name="runScenario" time="44.599" classname="org.example.testRunner.runners"/>
  <system-out/>
  <testcase name="runScenario" time="38.164" classname="org.example.testRunner.runners"/>
  <system-out/>
  <testcase name="runScenario" time="18.194" classname="org.example.testRunner.runners"/>
  <system-out/>
  <testcase name="runScenario" time="22.564" classname="org.example.testRunner.runners"/>
  <system-out/>
  <testcase name="runScenario" time="17.538" classname="org.example.testRunner.runners"/>
  <system-out/>
  <testcase name="runScenario" time="27.242" classname="org.example.testRunner.runners"/>
  <system-out/>
  <testcase name="runScenario" time="72.054" classname="org.example.testRunner.runners"/>
  <system-out/>
  <testcase name="runScenario" time="19.450" classname="org.example.testRunner.runners"/>
  <system-out/>
  <testcase name="runScenario" time="31.922" classname="org.example.testRunner.runners"/>
  <system-out/>
  <testcase name="runScenario" time="57.978" classname="org.example.testRunner.runners"/>
  <system-out/>
  <testcase name="runScenario" time="25.754" classname="org.example.testRunner.runners"/>
  <system-out/>
  <testcase name="runScenario" time="38.885" classname="org.example.testRunner.runners"/>
  <system-out/>
  <testcase name="runScenario" time="96.356" classname="org.example.testRunner.runners"/>
  <system-out/>
  <testcase name="runScenario" time="20.236" classname="org.example.testRunner.runners"/>
  <system-out/>
  <testcase name="runScenario" time="70.223" classname="org.example.testRunner.runners"/>
  <system-out/>
</testsuite> <!-- org.example.testRunner.runners -->
